<?xml version="1.0" encoding="UTF-8"?>
<testsuite name="org.example.MainTest" tests="2" skipped="0" failures="0" errors="0" timestamp="2023-01-15T11:59:13" hostname="DESKTOP-0M3NQGN" time="0.164">
  <properties/>
  <testcase name="isTrueValueOfTemp()" classname="org.example.MainTest" time="0.146"/>
  <testcase name="isDoublePositive()" classname="org.example.MainTest" time="0.015"/>
  <system-out><![CDATA[]]></system-out>
  <system-err><![CDATA[]]></system-err>
</testsuite>
